make all --print-data-base --no-builtin-variables --no-builtin-rules --question
make: *** No rule to make target 'all'.  Stop.

# GNU Make 4.3
# Built for x86_64-pc-linux-gnu
# Copyright (C) 1988-2020 Free Software Foundation, Inc.
# License GPLv3+: GNU GPL version 3 or later <http://gnu.org/licenses/gpl.html>
# This is free software: you are free to change and redistribute it.
# There is NO WARRANTY, to the extent permitted by law.

# Make data base, printed on Sat May  7 17:59:30 2022

# Variables

# environment
GDK_BACKEND = x11
# environment
LC_ALL = C
# environment
NO_AT_BRIDGE = 1
# environment
GNOME_SHELL_SESSION_MODE = pop
# environment
SSH_AGENT_LAUNCHER = gnome-keyring
# environment
GJS_DEBUG_OUTPUT = stderr
# environment
VSCODE_IPC_HOOK_EXTHOST = /run/user/1000/vscode-ipc-865b4f4c-ec58-4cf4-bbad-046851820bc5.sock
# environment
MANDATORY_PATH = /usr/share/gconf/pop.mandatory.path
# environment
VSCODE_CWD = /mnt/hdd/Zakaria/practic/projects/MERN projects/URL-Shortener/server
# environment
WINDOWPATH = 2
# default
MAKE_COMMAND := make
# environment
QT_ACCESSIBILITY = 1
# automatic
@D = $(patsubst %/,%,$(dir $@))
# environment
VSCODE_HANDLES_UNCAUGHT_ERRORS = true
# default
.VARIABLES := 
# environment
PWD = /mnt/hdd/Zakaria/practic/projects/MERN projects/URL-Shortener/server
# automatic
%D = $(patsubst %/,%,$(dir $%))
# environment
XDG_DATA_DIRS = /usr/share/pop:/usr/share/gnome:/home/zakaria/.local/share/flatpak/exports/share:/var/lib/flatpak/exports/share:/usr/local/share/:/usr/share/
# environment
OLDPWD = /mnt/hdd/Zakaria/practic/projects/MERN projects/URL-Shortener/server
# automatic
^D = $(patsubst %/,%,$(dir $^))
# environment
VSCODE_LOG_STACK = false
# automatic
%F = $(notdir $%)
# environment
VSCODE_CODE_CACHE_PATH = /home/zakaria/.config/Code/CachedData/57fd6d0195bb9b9d1b49f6da5db789060795de47
# environment
LANG = C
# environment
XAUTHORITY = /run/user/1000/gdm/Xauthority
# default
.LOADED := 
# default
.INCLUDE_DIRS = /usr/local/include /usr/include /usr/include
# environment
GNOME_TERMINAL_SERVICE = :1.1670
# makefile
MAKEFLAGS = pqrR
# environment
DBUS_STARTER_ADDRESS = unix:path=/run/user/1000/bus,guid=d2d124fb8cfb73eb0bf7a4c962764ef4
# makefile
CURDIR := /mnt/hdd/Zakaria/practic/projects/MERN projects/URL-Shortener/server
# environment
VSCODE_PIPE_LOGGING = true
# environment
APPLICATION_INSIGHTS_NO_DIAGNOSTIC_CHANNEL = 1
# automatic
*D = $(patsubst %/,%,$(dir $*))
# environment
MFLAGS = -pqrR
# environment
SSH_AUTH_SOCK = /run/user/1000/keyring/ssh
# default
.SHELLFLAGS := -c
# environment
XDG_CONFIG_DIRS = /etc/xdg/xdg-pop:/etc/xdg
# automatic
+D = $(patsubst %/,%,$(dir $+))
# environment
P9K_SSH = 0
# environment
ZDOTDIR = /home/zakaria/.config/zsh
# environment
XDG_SESSION_DESKTOP = pop
# makefile (from 'makefile', line 1)
MAKEFILE_LIST := makefile
# automatic
@F = $(notdir $@)
# environment
VSCODE_VERBOSE_LOGGING = true
# environment
VSCODE_PID = 7397
# environment
XDG_SESSION_TYPE = x11
# automatic
?D = $(patsubst %/,%,$(dir $?))
# environment
SESSION_MANAGER = local/pop-os:@/tmp/.ICE-unix/2737,unix/pop-os:/tmp/.ICE-unix/2737
# automatic
*F = $(notdir $*)
# environment
CHROME_DESKTOP = code-url-handler.desktop
# environment
DBUS_SESSION_BUS_ADDRESS = unix:path=/run/user/1000/bus,guid=d2d124fb8cfb73eb0bf7a4c962764ef4
# automatic
<D = $(patsubst %/,%,$(dir $<))
# environment
P9K_TTY = old
# environment
VSCODE_NLS_CONFIG = {"locale":"en-us","availableLanguages":{},"_languagePackSupport":true}
# default
MAKE_HOST := x86_64-pc-linux-gnu
# environment
GNOME_DESKTOP_SESSION_ID = this-is-deprecated
# makefile
SHELL = /bin/sh
# default
MAKECMDGOALS := all
# environment
XMODIFIERS = @im=ibus
# environment
GJS_DEBUG_TOPICS = JS ERROR;JS LOG
# environment
SHLVL = 1
# environment
GNOME_TERMINAL_SCREEN = /org/gnome/Terminal/screen/7b6184de_a940_45de_bc43_91d2b71dd741
# environment
MAKELEVEL := 0
# default
MAKE = $(MAKE_COMMAND)
# environment
PATH = /home/zakaria/.volta/bin:/home/zakaria/.volta/bin:/usr/local/sbin:/usr/local/bin:/usr/sbin:/usr/bin:/sbin:/bin:/usr/games:/usr/local/games:/snap/bin
# default
MAKEFILES := 
# automatic
^F = $(notdir $^)
# environment
INVOCATION_ID = e517869994b84f35b2d8eab74c4ce4d1
# environment
VSCODE_LOG_NATIVE = false
# environment
USERNAME = zakaria
# automatic
?F = $(notdir $?)
# environment
GTK_IM_MODULE = ibus
# environment
XDG_CURRENT_DESKTOP = Unity
# automatic
+F = $(notdir $+)
# environment
DESKTOP_SESSION = pop
# environment
ORIGINAL_XDG_CURRENT_DESKTOP = pop:GNOME
# 'override' directive
GNUMAKEFLAGS := 
# environment
LOGNAME = zakaria
# environment
GIO_LAUNCHED_DESKTOP_FILE = /usr/share/applications/code.desktop
# makefile
.DEFAULT_GOAL := build-dev
# environment
SYSTEMD_EXEC_PID = 2737
# environment
DISPLAY = :1
# environment
USER = zakaria
# environment
GTK_MODULES = gail:atk-bridge:appmenu-gtk-module
# environment
DEFAULTS_PATH = /usr/share/gconf/pop.default.path
# default
MAKE_VERSION := 4.3
# environment
MANAGERPID = 2542
# environment
DBUS_STARTER_BUS_TYPE = session
# environment
GIO_LAUNCHED_DESKTOP_FILE_PID = 7397
# environment
_ = /usr/bin/code
# environment
XDG_RUNTIME_DIR = /run/user/1000
# environment
GPG_AGENT_INFO = /run/user/1000/gnupg/S.gpg-agent:0:1
# environment
COLORTERM = truecolor
# environment
JOURNAL_STREAM = 8:32489
# environment
XDG_SESSION_CLASS = user
# environment
VSCODE_AMD_ENTRYPOINT = vs/workbench/api/node/extensionHostProcess
# environment
HOME = /home/zakaria
# environment
QT_IM_MODULE = ibus
# environment
ELECTRON_RUN_AS_NODE = 1
# environment
VSCODE_IPC_HOOK = /run/user/1000/vscode-98d379ab-1.67.0-main.sock
# environment
TERM = xterm-256color
# environment
VOLTA_HOME = /home/zakaria/.volta
# default
.RECIPEPREFIX := 
# automatic
<F = $(notdir $<)
# default
SUFFIXES := 
# environment
_P9K_TTY = /dev/pts/1
# environment
VSCODE_CLI = 1
# environment
ELECTRON_NO_ATTACH_CONSOLE = 1
# environment
VTE_VERSION = 6800
# default
.FEATURES := target-specific order-only second-expansion else-if shortest-stem undefine oneshell nocomment grouped-target extra-prereqs archives jobserver output-sync check-symlink load
# environment
XDG_MENU_PREFIX = gnome-
# environment
GDMSESSION = pop
# variable set hash-table stats:
# Load=113/1024=11%, Rehash=0, Collisions=12/143=8%

# Pattern-specific Variable Values

# No pattern-specific variable values.

# Directories

# . (device 2049, inode 1704136): 18 files, no impossibilities.

# 18 files, no impossibilities in 1 directories.

# Implicit Rules

# No implicit rules.

# Files

run-dev:
#  Implicit rule search has not been done.
#  Modification time never checked.
#  File has not been updated.
#  recipe to execute (from 'makefile', line 5):
	docker-compose up -d 
	docker logs -f  US-backend

# Not a target:
.DEFAULT:
#  Implicit rule search has not been done.
#  Modification time never checked.
#  File has not been updated.

# Not a target:
all:
#  Command line target.
#  Implicit rule search has been done.
#  File does not exist.
#  File has not been updated.

# Not a target:
makefile:
#  Implicit rule search has been done.
#  Last modified 2022-05-07 17:38:04.8585833
#  File has been updated.
#  Successfully updated.

build-dev:
#  Implicit rule search has not been done.
#  Modification time never checked.
#  File has not been updated.
#  recipe to execute (from 'makefile', line 2):
	docker-compose up --build

down:
#  Implicit rule search has not been done.
#  Modification time never checked.
#  File has not been updated.
#  recipe to execute (from 'makefile', line 9):
	docker-compose down

# files hash-table stats:
 
# Load=7/1024=1%, Rehash=0, Collisions=0/17=0%
# VPATH Search Paths

# No 'vpath' search paths.

# No general ('VPATH' variable) search path.

# strcache buffers: 1 (0) / strings = 26 / storage = 263 B / avg = 10 B
# current buf: size = 8162 B / used = 263 B / count = 26 / avg = 10 B

# strcache performance: lookups = 33 / hit rate = 21%
# hash-table stats:
# Load=26/8192=0%, Rehash=0, Collisions=0/33=0%
# Finished Make data base on Sat May  7 17:59:30 2022

 
